This is pdfTeX, Version 3.141592653-2.6-1.40.27 (TeX Live 2025) (preloaded format=pdflatex 2025.3.8)  27 OCT 2025 23:27
entering extended mode
 restricted \write18 enabled.
 file:line:error style messages enabled.
 %&-line parsing enabled.
**writeup.tex
(./writeup.tex
LaTeX2e <2024-11-01> patch level 2
L3 programming layer <2025-01-18>
(/usr/local/texlive/2025/texmf-dist/tex/latex/base/article.cls
Document Class: article 2024/06/29 v1.4n Standard LaTeX document class
(/usr/local/texlive/2025/texmf-dist/tex/latex/base/size11.clo
File: size11.clo 2024/06/29 v1.4n Standard LaTeX file (size option)
)
\c@part=\count196
\c@section=\count197
\c@subsection=\count198
\c@subsubsection=\count199
\c@paragraph=\count266
\c@subparagraph=\count267
\c@figure=\count268
\c@table=\count269
\abovecaptionskip=\skip49
\belowcaptionskip=\skip50
\bibindent=\dimen141
)
(/usr/local/texlive/2025/texmf-dist/tex/latex/geometry/geometry.sty
Package: geometry 2020/01/02 v5.9 Page Geometry

(/usr/local/texlive/2025/texmf-dist/tex/latex/graphics/keyval.sty
Package: keyval 2022/05/29 v1.15 key=value parser (DPC)
\KV@toks@=\toks17
)
(/usr/local/texlive/2025/texmf-dist/tex/generic/iftex/ifvtex.sty
Package: ifvtex 2019/10/25 v1.7 ifvtex legacy package. Use iftex instead.

(/usr/local/texlive/2025/texmf-dist/tex/generic/iftex/iftex.sty
Package: iftex 2024/12/12 v1.0g TeX engine tests
))
\Gm@cnth=\count270
\Gm@cntv=\count271
\c@Gm@tempcnt=\count272
\Gm@bindingoffset=\dimen142
\Gm@wd@mp=\dimen143
\Gm@odd@mp=\dimen144
\Gm@even@mp=\dimen145
\Gm@layoutwidth=\dimen146
\Gm@layoutheight=\dimen147
\Gm@layouthoffset=\dimen148
\Gm@layoutvoffset=\dimen149
\Gm@dimlist=\toks18
)
(/usr/local/texlive/2025/texmf-dist/tex/latex/setspace/setspace.sty
Package: setspace 2022/12/04 v6.7b set line spacing
)
(/usr/local/texlive/2025/texmf-dist/tex/latex/newtx/newtxtext.sty
Package: newtxtext 2024/04/01 v1.744(Michael Sharpe) latex and unicode latex su
pport for TeXGyreTermesX

`newtxtext' v1.744, 2024/04/01 Text macros taking advantage of TeXGyre Termes a
nd its extensions (msharpe)
(/usr/local/texlive/2025/texmf-dist/tex/latex/xpatch/xpatch.sty
(/usr/local/texlive/2025/texmf-dist/tex/latex/l3kernel/expl3.sty
Package: expl3 2025-01-18 L3 programming layer (loader) 

(/usr/local/texlive/2025/texmf-dist/tex/latex/l3backend/l3backend-pdftex.def
File: l3backend-pdftex.def 2024-05-08 L3 backend support: PDF output (pdfTeX)
\l__color_backend_stack_int=\count273
\l__pdf_internal_box=\box52
))
Package: xpatch 2020/03/25 v0.3a Extending etoolbox patching commands

(/usr/local/texlive/2025/texmf-dist/tex/latex/l3packages/xparse/xparse.sty
Package: xparse 2024-08-16 L3 Experimental document command parser
)
(/usr/local/texlive/2025/texmf-dist/tex/latex/etoolbox/etoolbox.sty
Package: etoolbox 2025/02/11 v2.5l e-TeX tools for LaTeX (JAW)
\etb@tempcnta=\count274
))
(/usr/local/texlive/2025/texmf-dist/tex/latex/xcolor/xcolor.sty
Package: xcolor 2024/09/29 v3.02 LaTeX color extensions (UK)

(/usr/local/texlive/2025/texmf-dist/tex/latex/graphics-cfg/color.cfg
File: color.cfg 2016/01/02 v1.6 sample color configuration
)
Package xcolor Info: Driver file: pdftex.def on input line 274.

(/usr/local/texlive/2025/texmf-dist/tex/latex/graphics-def/pdftex.def
File: pdftex.def 2024/04/13 v1.2c Graphics/color driver for pdftex
)
(/usr/local/texlive/2025/texmf-dist/tex/latex/graphics/mathcolor.ltx)
Package xcolor Info: Model `cmy' substituted by `cmy0' on input line 1349.
Package xcolor Info: Model `hsb' substituted by `rgb' on input line 1353.
Package xcolor Info: Model `RGB' extended on input line 1365.
Package xcolor Info: Model `HTML' substituted by `rgb' on input line 1367.
Package xcolor Info: Model `Hsb' substituted by `hsb' on input line 1368.
Package xcolor Info: Model `tHsb' substituted by `hsb' on input line 1369.
Package xcolor Info: Model `HSB' substituted by `hsb' on input line 1370.
Package xcolor Info: Model `Gray' substituted by `gray' on input line 1371.
Package xcolor Info: Model `wave' substituted by `hsb' on input line 1372.
)
(/usr/local/texlive/2025/texmf-dist/tex/latex/xkeyval/xkeyval.sty
Package: xkeyval 2022/06/16 v2.9 package option processing (HA)

(/usr/local/texlive/2025/texmf-dist/tex/generic/xkeyval/xkeyval.tex
(/usr/local/texlive/2025/texmf-dist/tex/generic/xkeyval/xkvutils.tex
\XKV@toks=\toks19
\XKV@tempa@toks=\toks20
)
\XKV@depth=\count275
File: xkeyval.tex 2014/12/03 v2.7a key=value parser (HA)
))
(/usr/local/texlive/2025/texmf-dist/tex/latex/base/textcomp.sty
Package: textcomp 2024/04/24 v2.1b Standard LaTeX package
)
(/usr/local/texlive/2025/texmf-dist/tex/generic/xstring/xstring.sty
(/usr/local/texlive/2025/texmf-dist/tex/generic/xstring/xstring.tex
\xs_counta=\count276
\xs_countb=\count277
)
Package: xstring 2023/08/22 v1.86 String manipulations (CT)
)
(/usr/local/texlive/2025/texmf-dist/tex/latex/base/ifthen.sty
Package: ifthen 2024/03/16 v1.1e Standard LaTeX ifthen package (DPC)
)
(/usr/local/texlive/2025/texmf-dist/tex/latex/carlisle/scalefnt.sty)
LaTeX Font Info:    Setting ntxLF sub-encoding to TS1/0 on input line 24.
LaTeX Font Info:    Setting ntxTLF sub-encoding to TS1/0 on input line 24.
LaTeX Font Info:    Setting ntxOsF sub-encoding to TS1/0 on input line 24.
LaTeX Font Info:    Setting ntxTOsF sub-encoding to TS1/0 on input line 24.

(/usr/local/texlive/2025/texmf-dist/tex/generic/kastrup/binhex.tex)
\ntx@tmpcnta=\count278
\ntx@cnt=\count279

(/usr/local/texlive/2025/texmf-dist/tex/latex/fontaxes/fontaxes.sty
Package: fontaxes 2020/07/21 v1.0e Font selection axes
LaTeX Info: Redefining \upshape on input line 29.
LaTeX Info: Redefining \itshape on input line 31.
LaTeX Info: Redefining \slshape on input line 33.
LaTeX Info: Redefining \swshape on input line 35.
LaTeX Info: Redefining \scshape on input line 37.
LaTeX Info: Redefining \sscshape on input line 39.
LaTeX Info: Redefining \ulcshape on input line 41.
LaTeX Info: Redefining \textsw on input line 47.
LaTeX Info: Redefining \textssc on input line 48.
LaTeX Info: Redefining \textulc on input line 49.
)
\tx@sixem=\dimen150
\tx@y=\dimen151
\tx@x=\dimen152
\tx@tmpdima=\dimen153
\tx@tmpdimb=\dimen154
\tx@tmpdimc=\dimen155
\tx@tmpdimd=\dimen156
\tx@tmpdime=\dimen157
\tx@tmpdimf=\dimen158
\tx@dimA=\dimen159
\tx@dimAA=\dimen160
\tx@dimB=\dimen161
\tx@dimBB=\dimen162
\tx@dimC=\dimen163
LaTeX Info: Redefining \oldstylenums on input line 902.
)
(/usr/local/texlive/2025/texmf-dist/tex/latex/newtx/newtxmath.sty
Package: newtxmath 2024/09/22 v1.754

`newtxmath' v1.754, 2024/09/22 Math macros based originally on txfonts (msharpe
) (/usr/local/texlive/2025/texmf-dist/tex/latex/amsmath/amsmath.sty
Package: amsmath 2024/11/05 v2.17t AMS math features
\@mathmargin=\skip51

For additional information on amsmath, use the `?' option.
(/usr/local/texlive/2025/texmf-dist/tex/latex/amsmath/amstext.sty
Package: amstext 2021/08/26 v2.01 AMS text

(/usr/local/texlive/2025/texmf-dist/tex/latex/amsmath/amsgen.sty
File: amsgen.sty 1999/11/30 v2.0 generic functions
\@emptytoks=\toks21
\ex@=\dimen164
))
(/usr/local/texlive/2025/texmf-dist/tex/latex/amsmath/amsbsy.sty
Package: amsbsy 1999/11/29 v1.2d Bold Symbols
\pmbraise@=\dimen165
)
(/usr/local/texlive/2025/texmf-dist/tex/latex/amsmath/amsopn.sty
Package: amsopn 2022/04/08 v2.04 operator names
)
\inf@bad=\count280
LaTeX Info: Redefining \frac on input line 233.
\uproot@=\count281
\leftroot@=\count282
LaTeX Info: Redefining \overline on input line 398.
LaTeX Info: Redefining \colon on input line 409.
\classnum@=\count283
\DOTSCASE@=\count284
LaTeX Info: Redefining \ldots on input line 495.
LaTeX Info: Redefining \dots on input line 498.
LaTeX Info: Redefining \cdots on input line 619.
\Mathstrutbox@=\box53
\strutbox@=\box54
LaTeX Info: Redefining \big on input line 721.
LaTeX Info: Redefining \Big on input line 722.
LaTeX Info: Redefining \bigg on input line 723.
LaTeX Info: Redefining \Bigg on input line 724.
\big@size=\dimen166
LaTeX Font Info:    Redeclaring font encoding OML on input line 742.
LaTeX Font Info:    Redeclaring font encoding OMS on input line 743.
\macc@depth=\count285
LaTeX Info: Redefining \bmod on input line 904.
LaTeX Info: Redefining \pmod on input line 909.
LaTeX Info: Redefining \smash on input line 939.
LaTeX Info: Redefining \relbar on input line 969.
LaTeX Info: Redefining \Relbar on input line 970.
\c@MaxMatrixCols=\count286
\dotsspace@=\muskip17
\c@parentequation=\count287
\dspbrk@lvl=\count288
\tag@help=\toks22
\row@=\count289
\column@=\count290
\maxfields@=\count291
\andhelp@=\toks23
\eqnshift@=\dimen167
\alignsep@=\dimen168
\tagshift@=\dimen169
\tagwidth@=\dimen170
\totwidth@=\dimen171
\lineht@=\dimen172
\@envbody=\toks24
\multlinegap=\skip52
\multlinetaggap=\skip53
\mathdisplay@stack=\toks25
LaTeX Info: Redefining \[ on input line 2953.
LaTeX Info: Redefining \] on input line 2954.
)
(/usr/local/texlive/2025/texmf-dist/tex/latex/oberdiek/centernot.sty
Package: centernot 2016/05/16 v1.4 Centers the not symbol horizontally (HO)
)
\tx@cntz=\count292

(/usr/local/texlive/2025/texmf-dist/tex/generic/kastrup/binhex.tex)
\tx@Isdigit=\count293
\tx@IsAlNum=\count294
\tx@tA=\toks26
\tx@tB=\toks27
\tx@su=\read2

amsthm NOT loaded
LaTeX Font Info:    Redeclaring symbol font `operators' on input line 402.
LaTeX Font Info:    Overwriting symbol font `operators' in version `normal'
(Font)                  OT1/cmr/m/n --> OT1/minntx/m/n on input line 402.
LaTeX Font Info:    Overwriting symbol font `operators' in version `bold'
(Font)                  OT1/cmr/bx/n --> OT1/minntx/m/n on input line 402.
LaTeX Font Info:    Overwriting symbol font `operators' in version `bold'
(Font)                  OT1/minntx/m/n --> OT1/minntx/b/n on input line 403.
LaTeX Font Info:    Redeclaring math alphabet \mathsf on input line 410.
LaTeX Font Info:    Overwriting math alphabet `\mathsf' in version `normal'
(Font)                  OT1/cmss/m/n --> OT1/qhv/m/n on input line 410.
LaTeX Font Info:    Overwriting math alphabet `\mathsf' in version `bold'
(Font)                  OT1/cmss/bx/n --> OT1/qhv/m/n on input line 410.
LaTeX Font Info:    Overwriting math alphabet `\mathsf' in version `bold'
(Font)                  OT1/qhv/m/n --> OT1/qhv/b/n on input line 412.
LaTeX Font Info:    Redeclaring math alphabet \mathit on input line 419.
LaTeX Font Info:    Overwriting math alphabet `\mathit' in version `normal'
(Font)                  OT1/cmr/m/it --> OT1/minntx/m/it on input line 419.
LaTeX Font Info:    Overwriting math alphabet `\mathit' in version `bold'
(Font)                  OT1/cmr/bx/it --> OT1/minntx/m/it on input line 419.
LaTeX Font Info:    Redeclaring math alphabet \mathtt on input line 420.
LaTeX Font Info:    Overwriting math alphabet `\mathtt' in version `normal'
(Font)                  OT1/cmtt/m/n --> OT1/ntxtt/m/n on input line 420.
LaTeX Font Info:    Overwriting math alphabet `\mathtt' in version `bold'
(Font)                  OT1/cmtt/m/n --> OT1/ntxtt/m/n on input line 420.
LaTeX Font Info:    Redeclaring math alphabet \mathbf on input line 422.
LaTeX Font Info:    Overwriting math alphabet `\mathbf' in version `normal'
(Font)                  OT1/cmr/bx/n --> OT1/minntx/b/n on input line 422.
LaTeX Font Info:    Overwriting math alphabet `\mathbf' in version `bold'
(Font)                  OT1/cmr/bx/n --> OT1/minntx/b/n on input line 422.
LaTeX Font Info:    Overwriting math alphabet `\mathit' in version `bold'
(Font)                  OT1/minntx/m/it --> OT1/minntx/b/it on input line 423.
LaTeX Font Info:    Overwriting math alphabet `\mathtt' in version `bold'
(Font)                  OT1/ntxtt/m/n --> OT1/ntxtt/b/n on input line 426.
LaTeX Font Info:    Redeclaring symbol font `letters' on input line 534.
LaTeX Font Info:    Overwriting symbol font `letters' in version `normal'
(Font)                  OML/cmm/m/it --> OML/ntxmi/m/it on input line 534.
LaTeX Font Info:    Overwriting symbol font `letters' in version `bold'
(Font)                  OML/cmm/b/it --> OML/ntxmi/m/it on input line 534.
LaTeX Font Info:    Overwriting symbol font `letters' in version `bold'
(Font)                  OML/ntxmi/m/it --> OML/ntxmi/b/it on input line 535.
\symlettersA=\mathgroup4
LaTeX Font Info:    Overwriting symbol font `lettersA' in version `bold'
(Font)                  U/ntxmia/m/it --> U/ntxmia/b/it on input line 582.
Now handling font encoding LMS ...
... no UTF-8 mapping file for font encoding LMS
LaTeX Font Info:    Redeclaring symbol font `symbols' on input line 604.
LaTeX Font Info:    Encoding `OMS' has changed to `LMS' for symbol font
(Font)              `symbols' in the math version `normal' on input line 604.
LaTeX Font Info:    Overwriting symbol font `symbols' in version `normal'
(Font)                  OMS/cmsy/m/n --> LMS/ntxsy/m/n on input line 604.
LaTeX Font Info:    Encoding `OMS' has changed to `LMS' for symbol font
(Font)              `symbols' in the math version `bold' on input line 604.
LaTeX Font Info:    Overwriting symbol font `symbols' in version `bold'
(Font)                  OMS/cmsy/b/n --> LMS/ntxsy/m/n on input line 604.
LaTeX Font Info:    Overwriting symbol font `symbols' in version `bold'
(Font)                  LMS/ntxsy/m/n --> LMS/ntxsy/b/n on input line 605.
\symAMSm=\mathgroup5
LaTeX Font Info:    Overwriting symbol font `AMSm' in version `bold'
(Font)                  U/ntxsym/m/n --> U/ntxsym/b/n on input line 630.
\symsymbolsC=\mathgroup6
LaTeX Font Info:    Overwriting symbol font `symbolsC' in version `bold'
(Font)                  U/ntxsyc/m/n --> U/ntxsyc/b/n on input line 651.
Now handling font encoding LMX ...
... no UTF-8 mapping file for font encoding LMX
LaTeX Font Info:    Redeclaring symbol font `largesymbols' on input line 664.
LaTeX Font Info:    Encoding `OMX' has changed to `LMX' for symbol font
(Font)              `largesymbols' in the math version `normal' on input line 6
64.
LaTeX Font Info:    Overwriting symbol font `largesymbols' in version `normal'
(Font)                  OMX/cmex/m/n --> LMX/ntxexx/m/n on input line 664.
LaTeX Font Info:    Encoding `OMX' has changed to `LMX' for symbol font
(Font)              `largesymbols' in the math version `bold' on input line 664
.
LaTeX Font Info:    Overwriting symbol font `largesymbols' in version `bold'
(Font)                  OMX/cmex/m/n --> LMX/ntxexx/m/n on input line 664.
LaTeX Font Info:    Overwriting symbol font `largesymbols' in version `bold'
(Font)                  LMX/ntxexx/m/n --> LMX/ntxexx/b/n on input line 665.
\symlargesymbolsTXA=\mathgroup7
LaTeX Font Info:    Overwriting symbol font `largesymbolsTXA' in version `bold'

(Font)                  U/ntxexa/m/n --> U/ntxexa/b/n on input line 679.
\tx@sbptoks=\toks28
LaTeX Font Info:    Redeclaring math delimiter \lfloor on input line 902.
LaTeX Font Info:    Redeclaring math delimiter \rfloor on input line 903.
LaTeX Font Info:    Redeclaring math delimiter \lceil on input line 904.
LaTeX Font Info:    Redeclaring math delimiter \rceil on input line 905.
LaTeX Font Info:    Redeclaring math delimiter \lbrace on input line 910.
LaTeX Font Info:    Redeclaring math delimiter \rbrace on input line 911.
LaTeX Font Info:    Redeclaring math delimiter \langle on input line 913.
LaTeX Font Info:    Redeclaring math delimiter \rangle on input line 915.
LaTeX Font Info:    Redeclaring math delimiter \arrowvert on input line 919.
LaTeX Font Info:    Redeclaring math delimiter \vert on input line 920.
LaTeX Font Info:    Redeclaring math symbol \hbar on input line 966.
LaTeX Font Info:    Redeclaring math accent \dot on input line 991.
LaTeX Font Info:    Redeclaring math accent \ddot on input line 992.
LaTeX Font Info:    Redeclaring math accent \vec on input line 2057.
LaTeX Info: Redefining \Bbbk on input line 2847.
LaTeX Info: Redefining \not on input line 2995.
) (/usr/local/texlive/2025/texmf-dist/tex/latex/graphics/graphicx.sty
Package: graphicx 2021/09/16 v1.2d Enhanced LaTeX Graphics (DPC,SPQR)

(/usr/local/texlive/2025/texmf-dist/tex/latex/graphics/graphics.sty
Package: graphics 2024/08/06 v1.4g Standard LaTeX Graphics (DPC,SPQR)

(/usr/local/texlive/2025/texmf-dist/tex/latex/graphics/trig.sty
Package: trig 2023/12/02 v1.11 sin cos tan (DPC)
)
(/usr/local/texlive/2025/texmf-dist/tex/latex/graphics-cfg/graphics.cfg
File: graphics.cfg 2016/06/04 v1.11 sample graphics configuration
)
Package graphics Info: Driver file: pdftex.def on input line 106.
)
\Gin@req@height=\dimen173
\Gin@req@width=\dimen174
)

! LaTeX Error: File `itshape.sty' not found.

Type X to quit or <RETURN> to proceed,
or enter new name. (Default extension: sty)

Enter file name: 
(/usr/local/texlive/2025/texmf-dist/tex/latex/float/float.sty
Package: float 2001/11/08 v1.3d Float enhancements (AL)
\c@float@type=\count295
\float@exts=\toks29
\float@box=\box55
\@float@everytoks=\toks30
\@floatcapt=\box56
)
(/usr/local/texlive/2025/texmf-dist/tex/latex/caption/subcaption.sty
Package: subcaption 2023/07/28 v1.6b Sub-captions (AR)

(/usr/local/texlive/2025/texmf-dist/tex/latex/caption/caption.sty
Package: caption 2023/08/05 v3.6o Customizing captions (AR)

(/usr/local/texlive/2025/texmf-dist/tex/latex/caption/caption3.sty
Package: caption3 2023/07/31 v2.4d caption3 kernel (AR)
\caption@tempdima=\dimen175
\captionmargin=\dimen176
\caption@leftmargin=\dimen177
\caption@rightmargin=\dimen178
\caption@width=\dimen179
\caption@indent=\dimen180
\caption@parindent=\dimen181
\caption@hangindent=\dimen182
Package caption Info: Standard document class detected.
)
\c@caption@flags=\count296
\c@continuedfloat=\count297
Package caption Info: float package is loaded.
)
Package caption Info: New subtype `subfigure' on input line 238.
\c@subfigure=\count298
Package caption Info: New subtype `subtable' on input line 238.
\c@subtable=\count299
)
LaTeX Font Info:    Trying to load font information for OT1+ntxtlf on input lin
e 16.

(/usr/local/texlive/2025/texmf-dist/tex/latex/newtx/ot1ntxtlf.fd
File: ot1ntxtlf.fd 2021/05/24 v1.0 font definition file for OT1/ntx/tlf
)
LaTeX Font Info:    Font shape `OT1/ntxtlf/m/n' will be
(Font)              scaled to size 10.95pt on input line 16.

(./writeup.aux)
\openout1 = `writeup.aux'.

LaTeX Font Info:    Checking defaults for OML/ntxmi/m/it on input line 16.
LaTeX Font Info:    Trying to load font information for OML+ntxmi on input line
 16.
 (/usr/local/texlive/2025/texmf-dist/tex/latex/newtx/omlntxmi.fd
File: omlntxmi.fd 2015/08/25 Fontinst v1.933 font definitions for OML/ntxmi.
)
LaTeX Font Info:    ... okay on input line 16.
LaTeX Font Info:    Checking defaults for OMS/cmsy/m/n on input line 16.
LaTeX Font Info:    ... okay on input line 16.
LaTeX Font Info:    Checking defaults for OT1/cmr/m/n on input line 16.
LaTeX Font Info:    ... okay on input line 16.
LaTeX Font Info:    Checking defaults for T1/cmr/m/n on input line 16.
LaTeX Font Info:    ... okay on input line 16.
LaTeX Font Info:    Checking defaults for TS1/cmr/m/n on input line 16.
LaTeX Font Info:    ... okay on input line 16.
LaTeX Font Info:    Checking defaults for OMX/cmex/m/n on input line 16.
LaTeX Font Info:    ... okay on input line 16.
LaTeX Font Info:    Checking defaults for U/ntxexa/m/n on input line 16.
LaTeX Font Info:    Trying to load font information for U+ntxexa on input line 
16.
 (/usr/local/texlive/2025/texmf-dist/tex/latex/newtx/untxexa.fd
File: untxexa.fd 2012/04/16 Fontinst v1.933 font definitions for U/ntxexa.
)
LaTeX Font Info:    ... okay on input line 16.
LaTeX Font Info:    Checking defaults for LMS/ntxsy/m/n on input line 16.
LaTeX Font Info:    Trying to load font information for LMS+ntxsy on input line
 16.

(/usr/local/texlive/2025/texmf-dist/tex/latex/newtx/lmsntxsy.fd
File: lmsntxsy.fd 2016/07/02 Fontinst v1.933 font definitions for LMS/ntxsy.
)
LaTeX Font Info:    ... okay on input line 16.
LaTeX Font Info:    Checking defaults for LMX/ntxexx/m/n on input line 16.
LaTeX Font Info:    Trying to load font information for LMX+ntxexx on input lin
e 16.

(/usr/local/texlive/2025/texmf-dist/tex/latex/newtx/lmxntxexx.fd
File: lmxntxexx.fd 2016/07/03 Fontinst v1.933 font definitions for LMX/ntxexx.
)
LaTeX Font Info:    ... okay on input line 16.

*geometry* driver: auto-detecting
*geometry* detected driver: pdftex
*geometry* verbose mode - [ preamble ] result:
* driver: pdftex
* paper: letterpaper
* layout: <same size as paper>
* layoutoffset:(h,v)=(0.0pt,0.0pt)
* modes: 
* h-part:(L,W,R)=(54.2025pt, 505.89pt, 54.2025pt)
* v-part:(T,H,B)=(54.2025pt, 686.56499pt, 54.2025pt)
* \paperwidth=614.295pt
* \paperheight=794.96999pt
* \textwidth=505.89pt
* \textheight=686.56499pt
* \oddsidemargin=-18.06749pt
* \evensidemargin=-18.06749pt
* \topmargin=-55.06749pt
* \headheight=12.0pt
* \headsep=25.0pt
* \topskip=11.0pt
* \footskip=30.0pt
* \marginparwidth=59.0pt
* \marginparsep=10.0pt
* \columnsep=10.0pt
* \skip\footins=10.0pt plus 4.0pt minus 2.0pt
* \hoffset=0.0pt
* \voffset=0.0pt
* \mag=1000
* \@twocolumnfalse
* \@twosidefalse
* \@mparswitchfalse
* \@reversemarginfalse
* (1in=72.27pt=25.4mm, 1cm=28.453pt)

(/usr/local/texlive/2025/texmf-dist/tex/context/base/mkii/supp-pdf.mkii
[Loading MPS to PDF converter (version 2006.09.02).]
\scratchcounter=\count300
\scratchdimen=\dimen183
\scratchbox=\box57
\nofMPsegments=\count301
\nofMParguments=\count302
\everyMPshowfont=\toks31
\MPscratchCnt=\count303
\MPscratchDim=\dimen184
\MPnumerator=\count304
\makeMPintoPDFobject=\count305
\everyMPtoPDFconversion=\toks32
) (/usr/local/texlive/2025/texmf-dist/tex/latex/epstopdf-pkg/epstopdf-base.sty
Package: epstopdf-base 2020-01-24 v2.11 Base part for package epstopdf
Package epstopdf-base Info: Redefining graphics rule for `.eps' on input line 4
85.

(/usr/local/texlive/2025/texmf-dist/tex/latex/latexconfig/epstopdf-sys.cfg
File: epstopdf-sys.cfg 2010/07/13 v1.3 Configuration of (r)epstopdf for TeX Liv
e
))
\c@mv@tabular=\count306
\c@mv@boldtabular=\count307
LaTeX Info: Command `\dddot' is already robust on input line 16.
LaTeX Info: Command `\ddddot' is already robust on input line 16.
Package caption Info: Begin \AtBeginDocument code.
Package caption Info: End \AtBeginDocument code.
LaTeX Font Info:    Font shape `OT1/ntxtlf/m/n' will be
(Font)              scaled to size 14.4pt on input line 19.
LaTeX Font Info:    Font shape `OT1/ntxtlf/b/n' will be
(Font)              scaled to size 14.4pt on input line 19.
LaTeX Font Info:    Trying to load font information for OT1+minntx on input lin
e 29.

(/usr/local/texlive/2025/texmf-dist/tex/latex/newtx/ot1minntx.fd
File: ot1minntx.fd 2023/09/09 v1.1 font definition file for OT1/minntx
)
LaTeX Font Info:    Font shape `OT1/minntx/m/n' will be
(Font)              scaled to size 10.95pt on input line 29.
LaTeX Font Info:    Font shape `OT1/minntx/m/n' will be
(Font)              scaled to size 8.0pt on input line 29.
LaTeX Font Info:    Font shape `OT1/minntx/m/n' will be
(Font)              scaled to size 6.1pt on input line 29.
LaTeX Font Info:    Font shape `OML/ntxmi/m/it' will be
(Font)              scaled to size 10.95pt on input line 29.
LaTeX Font Info:    Font shape `OML/ntxmi/m/it' will be
(Font)              scaled to size 8.0pt on input line 29.
LaTeX Font Info:    Font shape `OML/ntxmi/m/it' will be
(Font)              scaled to size 6.1pt on input line 29.
LaTeX Font Info:    Font shape `LMS/ntxsy/m/n' will be
(Font)              scaled to size 10.95pt on input line 29.
LaTeX Font Info:    Font shape `LMS/ntxsy/m/n' will be
(Font)              scaled to size 8.0pt on input line 29.
LaTeX Font Info:    Font shape `LMS/ntxsy/m/n' will be
(Font)              scaled to size 6.1pt on input line 29.
LaTeX Font Info:    Font shape `LMX/ntxexx/m/n' will be
(Font)              scaled to size 10.95pt on input line 29.
LaTeX Font Info:    Font shape `LMX/ntxexx/m/n' will be
(Font)              scaled to size 8.0pt on input line 29.
LaTeX Font Info:    Font shape `LMX/ntxexx/m/n' will be
(Font)              scaled to size 6.1pt on input line 29.
LaTeX Font Info:    Trying to load font information for U+ntxmia on input line 
29.

(/usr/local/texlive/2025/texmf-dist/tex/latex/newtx/untxmia.fd
File: untxmia.fd 2024/04/09 Fontinst v1.933 font definitions for U/ntxmia.
)
LaTeX Font Info:    Font shape `U/ntxmia/m/it' will be
(Font)              scaled to size 10.95pt on input line 29.
LaTeX Font Info:    Font shape `U/ntxmia/m/it' will be
(Font)              scaled to size 8.0pt on input line 29.
LaTeX Font Info:    Font shape `U/ntxmia/m/it' will be
(Font)              scaled to size 6.1pt on input line 29.
LaTeX Font Info:    Trying to load font information for U+ntxsym on input line 
29.

(/usr/local/texlive/2025/texmf-dist/tex/latex/newtx/untxsym.fd
File: untxsym.fd 2023/08/16 Fontinst v1.933 font definitions for U/ntxsym.
)
LaTeX Font Info:    Font shape `U/ntxsym/m/n' will be
(Font)              scaled to size 10.95pt on input line 29.
LaTeX Font Info:    Font shape `U/ntxsym/m/n' will be
(Font)              scaled to size 8.0pt on input line 29.
LaTeX Font Info:    Font shape `U/ntxsym/m/n' will be
(Font)              scaled to size 6.1pt on input line 29.
LaTeX Font Info:    Trying to load font information for U+ntxsyc on input line 
29.

(/usr/local/texlive/2025/texmf-dist/tex/latex/newtx/untxsyc.fd
File: untxsyc.fd 2012/04/12 Fontinst v1.933 font definitions for U/ntxsyc.
)
LaTeX Font Info:    Font shape `U/ntxsyc/m/n' will be
(Font)              scaled to size 10.95pt on input line 29.
LaTeX Font Info:    Font shape `U/ntxsyc/m/n' will be
(Font)              scaled to size 8.0pt on input line 29.
LaTeX Font Info:    Font shape `U/ntxsyc/m/n' will be
(Font)              scaled to size 6.1pt on input line 29.
LaTeX Font Info:    Font shape `U/ntxexa/m/n' will be
(Font)              scaled to size 10.95pt on input line 29.
LaTeX Font Info:    Font shape `U/ntxexa/m/n' will be
(Font)              scaled to size 8.0pt on input line 29.
LaTeX Font Info:    Font shape `U/ntxexa/m/n' will be
(Font)              scaled to size 6.1pt on input line 29.

./writeup.tex:40: Illegal parameter number in definition of \@tempb.
<to be read again> 
                   1
l.40 ...width=1.0\textwidth]{"outputs/q3: #1.png"}
                                                  
? 
<outputs/q3: #1.png, id=1, 200.6697pt x 298.4751pt>
File: outputs/q3: #1.png Graphic file (type png)
<use outputs/q3: #1.png>
Package pdftex.def Info: outputs/q3: #1.png  used on input line 40.
(pdftex.def)             Requested size: 166.94463pt x 248.32632pt.
LaTeX Font Info:    Font shape `OT1/ntxtlf/m/n' will be
(Font)              scaled to size 10.0pt on input line 41.
./writeup.tex:44: Illegal parameter number in definition of \@tempb.
<to be read again> 
                   2
l.44 ...width=1.0\textwidth]{"outputs/q3: #2.png"}
                                                  
? 
<outputs/q3: #2.png, id=3, 200.6697pt x 298.4751pt>
File: outputs/q3: #2.png Graphic file (type png)
<use outputs/q3: #2.png>
Package pdftex.def Info: outputs/q3: #2.png  used on input line 44.
(pdftex.def)             Requested size: 166.94463pt x 248.32632pt.
./writeup.tex:48: Illegal parameter number in definition of \@tempb.
<to be read again> 
                   3
l.48 ...width=1.0\textwidth]{"outputs/q3: #3.png"}
                                                  
? 
<outputs/q3: #3.png, id=4, 200.6697pt x 298.4751pt>
File: outputs/q3: #3.png Graphic file (type png)
<use outputs/q3: #3.png>
Package pdftex.def Info: outputs/q3: #3.png  used on input line 48.
(pdftex.def)             Requested size: 166.94463pt x 248.32632pt.
LaTeX Font Info:    Font shape `OT1/ntxtlf/m/it' will be
(Font)              scaled to size 10.95pt on input line 58.


[1

{/usr/local/texlive/2025/texmf-var/fonts/map/pdftex/updmap/pdftex.map}{/usr/loc
al/texlive/2025/texmf-dist/fonts/enc/dvips/newtx/ntx-ot1-tlf.enc} <./outputs/q3
: #1.png> <./outputs/q3: #2.png> <./outputs/q3: #3.png>]
./writeup.tex:73: Illegal parameter number in definition of \@tempb.
<to be read again> 
                   1
l.73 ...width=0.4\textwidth]{"outputs/q5: #1.png"}
                                                  
? 
<outputs/q5: #1.png, id=19, 312.9291pt x 339.4281pt>
File: outputs/q5: #1.png Graphic file (type png)
<use outputs/q5: #1.png>
Package pdftex.def Info: outputs/q5: #1.png  used on input line 73.
(pdftex.def)             Requested size: 202.3529pt x 219.4914pt.
./writeup.tex:79: Illegal parameter number in definition of \@tempb.
<to be read again> 
                   2
l.79 ...width=0.4\textwidth]{"outputs/q5: #2.png"}
                                                  
? 
<outputs/q5: #2.png, id=20, 370.7451pt x 339.4281pt>
File: outputs/q5: #2.png Graphic file (type png)
<use outputs/q5: #2.png>
Package pdftex.def Info: outputs/q5: #2.png  used on input line 79.
(pdftex.def)             Requested size: 202.3529pt x 185.26173pt.
./writeup.tex:85: Illegal parameter number in definition of \@tempb.
<to be read again> 
                   3
l.85 ...width=0.4\textwidth]{"outputs/q5: #3.png"}
                                                  
? 
<outputs/q5: #3.png, id=21, 370.7451pt x 339.4281pt>
File: outputs/q5: #3.png Graphic file (type png)
<use outputs/q5: #3.png>
Package pdftex.def Info: outputs/q5: #3.png  used on input line 85.
(pdftex.def)             Requested size: 202.3529pt x 185.26173pt.


[2 <./outputs/q5: #1.png> <./outputs/q5: #2.png>]
./writeup.tex:99: Illegal parameter number in definition of \@tempb.
<to be read again> 
                   1
l.99 ...width=1.0\textwidth]{"outputs/q7: #1.png"}
                                                  
? 
<outputs/q7: #1.png, id=27, 205.0059pt x 300.4023pt>
File: outputs/q7: #1.png Graphic file (type png)
<use outputs/q7: #1.png>
Package pdftex.def Info: outputs/q7: #1.png  used on input line 99.
(pdftex.def)             Requested size: 166.94463pt x 244.63547pt.
./writeup.tex:103: Illegal parameter number in definition of \@tempb.
<to be read again> 
                   2
l.103 ...idth=1.0\textwidth]{"outputs/q7: #2.png"}
                                                  
? 
<outputs/q7: #2.png, id=28, 205.0059pt x 300.4023pt>
File: outputs/q7: #2.png Graphic file (type png)
<use outputs/q7: #2.png>
Package pdftex.def Info: outputs/q7: #2.png  used on input line 103.
(pdftex.def)             Requested size: 166.94463pt x 244.63547pt.
./writeup.tex:107: Illegal parameter number in definition of \@tempb.
<to be read again> 
                   3
l.107 ...idth=1.0\textwidth]{"outputs/q7: #3.png"}
                                                  
? 
<outputs/q7: #3.png, id=29, 205.0059pt x 300.4023pt>
File: outputs/q7: #3.png Graphic file (type png)
<use outputs/q7: #3.png>
Package pdftex.def Info: outputs/q7: #3.png  used on input line 107.
(pdftex.def)             Requested size: 166.94463pt x 244.63547pt.
./writeup.tex:116: Undefined control sequence.
<recently read> \eps 
                     
l.116 ...controls as $(v, \omega)$. I use an $\eps
                                                  $ value of $0.25 * cell_wi...

? 
./writeup.tex:116: Undefined control sequence.
<recently read> \eps 
                     
l.116 ...e if the robot was near a goal. The $\eps
                                                  $ value must be less than ...

? 


[3 <./outputs/q5: #3.png> <./outputs/q7: #1.png> <./outputs/q7: #2.png> <./outp
uts/q7: #3.png>]
./writeup.tex:133: Argument of \mathaccentV has an extra }.
<inserted text> 
                \par 
l.133 ...' = sign(v_{cmd}) * min(v_{cmd}, v^{\dot}
                                                  _{max} * dt)
? 
Runaway argument?
./writeup.tex:133: Paragraph ended before \mathaccentV was complete.
<to be read again> 
                   \par 
l.133 ...' = sign(v_{cmd}) * min(v_{cmd}, v^{\dot}
                                                  _{max} * dt)
? 
./writeup.tex:133: Missing $ inserted.
<inserted text> 
                $
l.133 ...' = sign(v_{cmd}) * min(v_{cmd}, v^{\dot}
                                                  _{max} * dt)
? 
./writeup.tex:133: Missing } inserted.
<inserted text> 
                }
l.133 ...' = sign(v_{cmd}) * min(v_{cmd}, v^{\dot}
                                                  _{max} * dt)
? 
./writeup.tex:133: Display math should end with $$.
<to be read again> 
                   \tex_par:D 
l.133 ...' = sign(v_{cmd}) * min(v_{cmd}, v^{\dot}
                                                  _{max} * dt)
? 
./writeup.tex:133: Extra }, or forgotten \endgroup.
<recently read> }
                 
l.133 ...' = sign(v_{cmd}) * min(v_{cmd}, v^{\dot}
                                                  _{max} * dt)
? 
./writeup.tex:133: Missing $ inserted.
<inserted text> 
                $
l.133 ... = sign(v_{cmd}) * min(v_{cmd}, v^{\dot}_
                                                  {max} * dt)
? 
./writeup.tex:134: You can't use `\eqno' in math mode.
\veqno ->\@kernel@eqno 
                       \aftergroup \ignorespaces 
l.134 \end{equation}
                    
? 
./writeup.tex:134: Missing $ inserted.
<inserted text> 
                $
l.134 \end{equation}
                    
? 
./writeup.tex:144: Illegal parameter number in definition of \@tempb.
<to be read again> 
                   1
l.144 ...idth=1.0\textwidth]{"outputs/q9: #1.png"}
                                                  
? 
<outputs/q9: #1.png, id=37, 219.219pt x 327.8649pt>
File: outputs/q9: #1.png Graphic file (type png)
<use outputs/q9: #1.png>
Package pdftex.def Info: outputs/q9: #1.png  used on input line 144.
(pdftex.def)             Requested size: 166.94463pt x 249.7002pt.
./writeup.tex:148: Illegal parameter number in definition of \@tempb.
<to be read again> 
                   2
l.148 ...idth=1.0\textwidth]{"outputs/q9: #2.png"}
                                                  
? 
<outputs/q9: #2.png, id=38, 219.219pt x 327.8649pt>
File: outputs/q9: #2.png Graphic file (type png)
<use outputs/q9: #2.png>
Package pdftex.def Info: outputs/q9: #2.png  used on input line 148.
(pdftex.def)             Requested size: 166.94463pt x 249.7002pt.
./writeup.tex:152: Illegal parameter number in definition of \@tempb.
<to be read again> 
                   3
l.152 ...idth=1.0\textwidth]{"outputs/q9: #3.png"}
                                                  
? 
<outputs/q9: #3.png, id=39, 219.219pt x 327.8649pt>
File: outputs/q9: #3.png Graphic file (type png)
<use outputs/q9: #3.png>
Package pdftex.def Info: outputs/q9: #3.png  used on input line 152.
(pdftex.def)             Requested size: 166.94463pt x 249.7002pt.
./writeup.tex:164: Illegal parameter number in definition of \@tempb.
<to be read again> 
                   1
l.164 ...dth=0.4\textwidth]{"outputs/q10: #1.png"}
                                                  
? 
<outputs/q10: #1.png, id=40, 326.4195pt x 339.4281pt>
File: outputs/q10: #1.png Graphic file (type png)
<use outputs/q10: #1.png>
Package pdftex.def Info: outputs/q10: #1.png  used on input line 164.
(pdftex.def)             Requested size: 202.3529pt x 210.42253pt.


[4 <./outputs/q9: #1.png> <./outputs/q9: #2.png> <./outputs/q9: #3.png>]
./writeup.tex:170: Illegal parameter number in definition of \@tempb.
<to be read again> 
                   2
l.170 ...dth=0.4\textwidth]{"outputs/q10: #2.png"}
                                                  
? 
<outputs/q10: #2.png, id=48, 326.4195pt x 339.4281pt>
File: outputs/q10: #2.png Graphic file (type png)
<use outputs/q10: #2.png>
Package pdftex.def Info: outputs/q10: #2.png  used on input line 170.
(pdftex.def)             Requested size: 202.3529pt x 210.42253pt.
./writeup.tex:176: Illegal parameter number in definition of \@tempb.
<to be read again> 
                   3
l.176 ...dth=0.4\textwidth]{"outputs/q10: #3.png"}
                                                  
? 
<outputs/q10: #3.png, id=49, 326.4195pt x 339.4281pt>
File: outputs/q10: #3.png Graphic file (type png)
<use outputs/q10: #3.png>
Package pdftex.def Info: outputs/q10: #3.png  used on input line 176.
(pdftex.def)             Requested size: 202.3529pt x 210.42253pt.


[5 <./outputs/q10: #1.png> <./outputs/q10: #2.png>]
./writeup.tex:195: Illegal parameter number in definition of \@tempb.
<to be read again> 
                   1
l.195 ...dth=0.4\textwidth]{"outputs/q11: #1.png"}
                                                  
? 
<outputs/q11: #1.png, id=55, 326.4195pt x 339.4281pt>
File: outputs/q11: #1.png Graphic file (type png)
<use outputs/q11: #1.png>
Package pdftex.def Info: outputs/q11: #1.png  used on input line 195.
(pdftex.def)             Requested size: 202.3529pt x 210.42253pt.


[6 <./outputs/q10: #3.png>]
./writeup.tex:201: Illegal parameter number in definition of \@tempb.
<to be read again> 
                   2
l.201 ...dth=0.4\textwidth]{"outputs/q11: #2.png"}
                                                  
? 
<outputs/q11: #2.png, id=60, 381.5856pt x 339.4281pt>
File: outputs/q11: #2.png Graphic file (type png)
<use outputs/q11: #2.png>
Package pdftex.def Info: outputs/q11: #2.png  used on input line 201.
(pdftex.def)             Requested size: 202.3529pt x 179.99962pt.
./writeup.tex:207: Illegal parameter number in definition of \@tempb.
<to be read again> 
                   3
l.207 ...dth=0.5\textwidth]{"outputs/q11: #3.png"}
                                                  
? 
<outputs/q11: #3.png, id=61, 381.5856pt x 339.4281pt>
File: outputs/q11: #3.png Graphic file (type png)
<use outputs/q11: #3.png>
Package pdftex.def Info: outputs/q11: #3.png  used on input line 207.
(pdftex.def)             Requested size: 252.94499pt x 225.00212pt.


[7 <./outputs/q11: #1.png> <./outputs/q11: #2.png>]
./writeup.tex:217: Illegal parameter number in definition of \@tempb.
<to be read again> 
                   4
l.217 ...dth=0.4\textwidth]{"outputs/q11: #4.png"}
                                                  
? 
<outputs/q11: #4.png, id=68, 386.6445pt x 339.4281pt>
File: outputs/q11: #4.png Graphic file (type png)
<use outputs/q11: #4.png>
Package pdftex.def Info: outputs/q11: #4.png  used on input line 217.
(pdftex.def)             Requested size: 202.3529pt x 177.64307pt.
./writeup.tex:224: Illegal parameter number in definition of \@tempb.
<to be read again> 
                   5
l.224 ...dth=0.4\textwidth]{"outputs/q11: #5.png"}
                                                  
? 
<outputs/q11: #5.png, id=69, 386.6445pt x 339.4281pt>
File: outputs/q11: #5.png Graphic file (type png)
<use outputs/q11: #5.png>
Package pdftex.def Info: outputs/q11: #5.png  used on input line 224.
(pdftex.def)             Requested size: 202.3529pt x 177.64307pt.


[8 <./outputs/q11: #3.png> <./outputs/q11: #4.png>]
./writeup.tex:231: Illegal parameter number in definition of \@tempb.
<to be read again> 
                   6
l.231 ...dth=0.5\textwidth]{"outputs/q11: #6.png"}
                                                  
? 
<outputs/q11: #6.png, id=75, 386.6445pt x 339.4281pt>
File: outputs/q11: #6.png Graphic file (type png)
<use outputs/q11: #6.png>
Package pdftex.def Info: outputs/q11: #6.png  used on input line 231.
(pdftex.def)             Requested size: 252.94499pt x 222.05513pt.


[9 <./outputs/q11: #5.png> <./outputs/q11: #6.png>] (./writeup.aux)
 ***********
LaTeX2e <2024-11-01> patch level 2
L3 programming layer <2020/03/25>
 ***********
 ) 
Here is how much of TeX's memory you used:
 8946 strings out of 473190
 135577 string characters out of 5715801
 516886 words of memory out of 5000000
 32074 multiletter control sequences out of 15000+600000
 580893 words of font info for 81 fonts, out of 8000000 for 9000
 1141 hyphenation exceptions out of 8191
 83i,9n,131p,705b,576s stack positions out of 10000i,1000n,20000p,200000b,200000s
</usr/local/texlive/2025/texmf-dist/fonts/type1/public/newtx/NewTXMI.pfb></us
r/local/texlive/2025/texmf-dist/fonts/type1/public/newtx/NewTXMI7.pfb></usr/loc
al/texlive/2025/texmf-dist/fonts/type1/public/newtx/txmiaX.pfb></usr/local/texl
ive/2025/texmf-dist/fonts/type1/public/newtx/txsys.pfb></usr/local/texlive/2025
/texmf-dist/fonts/type1/public/newtx/ztmb.pfb></usr/local/texlive/2025/texmf-di
st/fonts/type1/public/newtx/ztmr.pfb></usr/local/texlive/2025/texmf-dist/fonts/
type1/public/newtx/ztmri.pfb>
Output written on writeup.pdf (9 pages, 1554952 bytes).
PDF statistics:
 113 PDF objects out of 1000 (max. 8388607)
 45 compressed objects within 1 object stream
 0 named destinations out of 1000 (max. 500000)
 106 words of extra memory for PDF output out of 10000 (max. 10000000)

